android/app/build/intermediates/manifest_merge_blame_file/debug/processDebugMainManifest/manifest-merger-blame-debug-report.txt
1<?xml version="1.0" encoding="utf-8"?>
2<manifest xmlns:android="http://schemas.android.com/apk/res/android"
3    package="com.grafium.companion"
4    android:versionCode="1"
5    android:versionName="0.1.0" >
6
7    <uses-sdk
8        android:minSdkVersion="26"
9        android:targetSdkVersion="35" />
10
11    <!-- Read/write the graph files in Documents/ -->
12    <uses-permission
12-->src/main/AndroidManifest.xml:5:5-6:38
13        android:name="android.permission.READ_EXTERNAL_STORAGE"
13-->src/main/AndroidManifest.xml:5:22-77
14        android:maxSdkVersion="32" />
14-->src/main/AndroidManifest.xml:6:9-35
15    <uses-permission
15-->src/main/AndroidManifest.xml:7:5-8:38
16        android:name="android.permission.WRITE_EXTERNAL_STORAGE"
16-->src/main/AndroidManifest.xml:7:22-78
17        android:maxSdkVersion="29" />
17-->src/main/AndroidManifest.xml:8:9-35
18    <uses-permission android:name="android.permission.MANAGE_EXTERNAL_STORAGE" />
18-->src/main/AndroidManifest.xml:9:5-82
18-->src/main/AndroidManifest.xml:9:22-79
19
20    <!-- Allow SilentPulse to discover us -->
21    <queries>
21-->src/main/AndroidManifest.xml:45:5-47:15
22        <package android:name="com.silentpulse.messenger" />
22-->src/main/AndroidManifest.xml:46:9-61
22-->src/main/AndroidManifest.xml:46:18-58
23    </queries>
24
25    <permission
25-->[androidx.core:core:1.13.1] AndroidManifest.xml:22:5-24:47
26        android:name="com.grafium.companion.DYNAMIC_RECEIVER_NOT_EXPORTED_PERMISSION"
26-->[androidx.core:core:1.13.1] AndroidManifest.xml:23:9-81
27        android:protectionLevel="signature" />
27-->[androidx.core:core:1.13.1] AndroidManifest.xml:24:9-44
28
29    <uses-permission android:name="com.grafium.companion.DYNAMIC_RECEIVER_NOT_EXPORTED_PERMISSION" />
29-->[androidx.core:core:1.13.1] AndroidManifest.xml:26:5-97
29-->[androidx.core:core:1.13.1] AndroidManifest.xml:26:22-94
30
31    <application
31-->src/main/AndroidManifest.xml:11:5-42:19
32        android:allowBackup="false"
32-->src/main/AndroidManifest.xml:12:9-36
33        android:appComponentFactory="androidx.core.app.CoreComponentFactory"
33-->[androidx.core:core:1.13.1] AndroidManifest.xml:28:18-86
34        android:debuggable="true"
35        android:extractNativeLibs="false"
36        android:label="Grafium"
36-->src/main/AndroidManifest.xml:13:9-32
37        android:supportsRtl="true" >
37-->src/main/AndroidManifest.xml:14:9-35
38
39        <!-- Voice command receiver: SilentPulse discovers this via ASSISTANT_CAPABLE -->
40        <receiver
40-->src/main/AndroidManifest.xml:17:9-29:20
41            android:name="com.grafium.companion.VoiceCommandReceiver"
41-->src/main/AndroidManifest.xml:18:13-49
42            android:exported="true" >
42-->src/main/AndroidManifest.xml:19:13-36
43            <intent-filter>
43-->src/main/AndroidManifest.xml:20:13-24:29
44                <action android:name="com.silentpulse.action.ASSISTANT_CAPABLE" />
44-->src/main/AndroidManifest.xml:21:17-83
44-->src/main/AndroidManifest.xml:21:25-80
45                <action android:name="com.silentpulse.action.EXECUTE_COMMAND" />
45-->src/main/AndroidManifest.xml:22:17-81
45-->src/main/AndroidManifest.xml:22:25-78
46                <action android:name="com.silentpulse.action.REQUEST_SCHEMA" />
46-->src/main/AndroidManifest.xml:23:17-80
46-->src/main/AndroidManifest.xml:23:25-77
47            </intent-filter>
48            <!-- Command prefixes: if transcript starts with any of these, route here directly -->
49            <meta-data
49-->src/main/AndroidManifest.xml:26:13-28:194
50                android:name="com.silentpulse.command_prefixes"
50-->src/main/AndroidManifest.xml:27:17-64
51                android:value="journal,note,log,jot,todo,to do,task,add task,add todo,add note,read journal,read tasks,read my journal,read my tasks,read my to-do,read my todos,remind me to" />
51-->src/main/AndroidManifest.xml:28:17-191
52        </receiver>
53
54        <!-- Minimal activity to configure active graph -->
55        <activity
55-->src/main/AndroidManifest.xml:32:9-40:20
56            android:name="com.grafium.companion.MainActivity"
56-->src/main/AndroidManifest.xml:33:13-41
57            android:exported="true"
57-->src/main/AndroidManifest.xml:34:13-36
58            android:label="Grafium" >
58-->src/main/AndroidManifest.xml:35:13-36
59            <intent-filter>
59-->src/main/AndroidManifest.xml:36:13-39:29
60                <action android:name="android.intent.action.MAIN" />
60-->src/main/AndroidManifest.xml:37:17-69
60-->src/main/AndroidManifest.xml:37:25-66
61
62                <category android:name="android.intent.category.LAUNCHER" />
62-->src/main/AndroidManifest.xml:38:17-77
62-->src/main/AndroidManifest.xml:38:27-74
63            </intent-filter>
64        </activity>
65
66        <provider
66-->[androidx.profileinstaller:profileinstaller:1.3.0] AndroidManifest.xml:24:9-32:20
67            android:name="androidx.startup.InitializationProvider"
67-->[androidx.profileinstaller:profileinstaller:1.3.0] AndroidManifest.xml:25:13-67
68            android:authorities="com.grafium.companion.androidx-startup"
68-->[androidx.profileinstaller:profileinstaller:1.3.0] AndroidManifest.xml:26:13-68
69            android:exported="false" >
69-->[androidx.profileinstaller:profileinstaller:1.3.0] AndroidManifest.xml:27:13-37
70            <meta-data
70-->[androidx.profileinstaller:profileinstaller:1.3.0] AndroidManifest.xml:29:13-31:52
71                android:name="androidx.profileinstaller.ProfileInstallerInitializer"
71-->[androidx.profileinstaller:profileinstaller:1.3.0] AndroidManifest.xml:30:17-85
72                android:value="androidx.startup" />
72-->[androidx.profileinstaller:profileinstaller:1.3.0] AndroidManifest.xml:31:17-49
73        </provider>
74
75        <receiver
75-->[androidx.profileinstaller:profileinstaller:1.3.0] AndroidManifest.xml:34:9-52:20
76            android:name="androidx.profileinstaller.ProfileInstallReceiver"
76-->[androidx.profileinstaller:profileinstaller:1.3.0] AndroidManifest.xml:35:13-76
77            android:directBootAware="false"
77-->[androidx.profileinstaller:profileinstaller:1.3.0] AndroidManifest.xml:36:13-44
78            android:enabled="true"
78-->[androidx.profileinstaller:profileinstaller:1.3.0] AndroidManifest.xml:37:13-35
79            android:exported="true"
79-->[androidx.profileinstaller:profileinstaller:1.3.0] AndroidManifest.xml:38:13-36
80            android:permission="android.permission.DUMP" >
80-->[androidx.profileinstaller:profileinstaller:1.3.0] AndroidManifest.xml:39:13-57
81            <intent-filter>
81-->[androidx.profileinstaller:profileinstaller:1.3.0] AndroidManifest.xml:40:13-42:29
82                <action android:name="androidx.profileinstaller.action.INSTALL_PROFILE" />
82-->[androidx.profileinstaller:profileinstaller:1.3.0] AndroidManifest.xml:41:17-91
82-->[androidx.profileinstaller:profileinstaller:1.3.0] AndroidManifest.xml:41:25-88
83            </intent-filter>
84            <intent-filter>
84-->[androidx.profileinstaller:profileinstaller:1.3.0] AndroidManifest.xml:43:13-45:29
85                <action android:name="androidx.profileinstaller.action.SKIP_FILE" />
85-->[androidx.profileinstaller:profileinstaller:1.3.0] AndroidManifest.xml:44:17-85
85-->[androidx.profileinstaller:profileinstaller:1.3.0] AndroidManifest.xml:44:25-82
86            </intent-filter>
87            <intent-filter>
87-->[androidx.profileinstaller:profileinstaller:1.3.0] AndroidManifest.xml:46:13-48:29
88                <action android:name="androidx.profileinstaller.action.SAVE_PROFILE" />
88-->[androidx.profileinstaller:profileinstaller:1.3.0] AndroidManifest.xml:47:17-88
88-->[androidx.profileinstaller:profileinstaller:1.3.0] AndroidManifest.xml:47:25-85
89            </intent-filter>
90            <intent-filter>
90-->[androidx.profileinstaller:profileinstaller:1.3.0] AndroidManifest.xml:49:13-51:29
91                <action android:name="androidx.profileinstaller.action.BENCHMARK_OPERATION" />
91-->[androidx.profileinstaller:profileinstaller:1.3.0] AndroidManifest.xml:50:17-95
91-->[androidx.profileinstaller:profileinstaller:1.3.0] AndroidManifest.xml:50:25-92
92            </intent-filter>
93        </receiver>
94    </application>
95
96</manifest>